# JRE version: 7.0_21-b11
# Java VM: Java HotSpot(TM) 64-Bit Server VM (23.21-b01 mixed mode windows-amd64 compressed oops)
Heap
 PSYoungGen      total 16832K, used 16802K [0x00000000ebcb0000, 0x00000000ed020000, 0x0000000100000000)
  eden space 14848K, 100% used [0x00000000ebcb0000,0x00000000ecb30000,0x00000000ecb30000)
  from space 1984K, 98% used [0x00000000ece30000,0x00000000ed018850,0x00000000ed020000)
  to   space 2368K, 4% used [0x00000000ecb80000,0x00000000ecb98000,0x00000000ecdd0000)
 ParOldGen       total 41344K, used 2266K [0x00000000c3600000, 0x00000000c5e60000, 0x00000000ebcb0000)
  object space 41344K, 5% used [0x00000000c3600000,0x00000000c3836bd8,0x00000000c5e60000)
 PSPermGen       total 21248K, used 7817K [0x00000000be400000, 0x00000000bf8c0000, 0x00000000c3600000)
  object space 21248K, 36% used [0x00000000be400000,0x00000000beba2728,0x00000000bf8c0000)
GC Heap History (10 events):
Event: 2.560 GC heap after
Heap after GC invocations=2 (full 0):
 PSYoungGen      total 18112K, used 2306K [0x00000000ebcb0000, 0x00000000ed0e0000, 0x0000000100000000)
  eden space 15552K, 0% used [0x00000000ebcb0000,0x00000000ebcb0000,0x00000000ecbe0000)
  from space 2560K, 90% used [0x00000000ece60000,0x00000000ed0a0850,0x00000000ed0e0000)
  to   space 2560K, 0% used [0x00000000ecbe0000,0x00000000ecbe0000,0x00000000ece60000)
 ParOldGen       total 41344K, used 16K [0x00000000c3600000, 0x00000000c5e60000, 0x00000000ebcb0000)
  object space 41344K, 0% used [0x00000000c3600000,0x00000000c3604000,0x00000000c5e60000)
 PSPermGen       total 21248K, used 7813K [0x00000000be400000, 0x00000000bf8c0000, 0x00000000c3600000)
  object space 21248K, 36% used [0x00000000be400000,0x00000000beba1508,0x00000000bf8c0000)
}
Event: 3.877 GC heap before
{Heap before GC invocations=3 (full 0):
 PSYoungGen      total 18112K, used 17858K [0x00000000ebcb0000, 0x00000000ed0e0000, 0x0000000100000000)
  eden space 15552K, 100% used [0x00000000ebcb0000,0x00000000ecbe0000,0x00000000ecbe0000)
  from space 2560K, 90% used [0x00000000ece60000,0x00000000ed0a0850,0x00000000ed0e0000)
  to   space 2560K, 0% used [0x00000000ecbe0000,0x00000000ecbe0000,0x00000000ece60000)
 ParOldGen       total 41344K, used 16K [0x00000000c3600000, 0x00000000c5e60000, 0x00000000ebcb0000)
  object space 41344K, 0% used [0x00000000c3600000,0x00000000c3604000,0x00000000c5e60000)
 PSPermGen       total 21248K, used 7814K [0x00000000be400000, 0x00000000bf8c0000, 0x00000000c3600000)
  object space 21248K, 36% used [0x00000000be400000,0x00000000beba1a70,0x00000000bf8c0000)
Event: 3.880 GC heap after
Heap after GC invocations=3 (full 0):
 PSYoungGen      total 18112K, used 2338K [0x00000000ebcb0000, 0x00000000ed0e0000, 0x0000000100000000)
  eden space 15552K, 0% used [0x00000000ebcb0000,0x00000000ebcb0000,0x00000000ecbe0000)
  from space 2560K, 91% used [0x00000000ecbe0000,0x00000000ece28850,0x00000000ece60000)
  to   space 2560K, 0% used [0x00000000ece60000,0x00000000ece60000,0x00000000ed0e0000)
 ParOldGen       total 41344K, used 16K [0x00000000c3600000, 0x00000000c5e60000, 0x00000000ebcb0000)
  object space 41344K, 0% used [0x00000000c3600000,0x00000000c3604000,0x00000000c5e60000)
 PSPermGen       total 21248K, used 7814K [0x00000000be400000, 0x00000000bf8c0000, 0x00000000c3600000)
  object space 21248K, 36% used [0x00000000be400000,0x00000000beba1a70,0x00000000bf8c0000)
}
Event: 5.229 GC heap before
{Heap before GC invocations=4 (full 0):
 PSYoungGen      total 18112K, used 17890K [0x00000000ebcb0000, 0x00000000ed0e0000, 0x0000000100000000)
  eden space 15552K, 100% used [0x00000000ebcb0000,0x00000000ecbe0000,0x00000000ecbe0000)
  from space 2560K, 91% used [0x00000000ecbe0000,0x00000000ece28850,0x00000000ece60000)
  to   space 2560K, 0% used [0x00000000ece60000,0x00000000ece60000,0x00000000ed0e0000)
 ParOldGen       total 41344K, used 16K [0x00000000c3600000, 0x00000000c5e60000, 0x00000000ebcb0000)
  object space 41344K, 0% used [0x00000000c3600000,0x00000000c3604000,0x00000000c5e60000)
 PSPermGen       total 21248K, used 7816K [0x00000000be400000, 0x00000000bf8c0000, 0x00000000c3600000)
  object space 21248K, 36% used [0x00000000be400000,0x00000000beba2230,0x00000000bf8c0000)
Event: 5.232 GC heap after
Heap after GC invocations=4 (full 0):
 PSYoungGen      total 18112K, used 2338K [0x00000000ebcb0000, 0x00000000ed0e0000, 0x0000000100000000)
  eden space 15552K, 0% used [0x00000000ebcb0000,0x00000000ebcb0000,0x00000000ecbe0000)
  from space 2560K, 91% used [0x00000000ece60000,0x00000000ed0a8850,0x00000000ed0e0000)
  to   space 2560K, 0% used [0x00000000ecbe0000,0x00000000ecbe0000,0x00000000ece60000)
 ParOldGen       total 41344K, used 16K [0x00000000c3600000, 0x00000000c5e60000, 0x00000000ebcb0000)
  object space 41344K, 0% used [0x00000000c3600000,0x00000000c3604000,0x00000000c5e60000)
 PSPermGen       total 21248K, used 7816K [0x00000000be400000, 0x00000000bf8c0000, 0x00000000c3600000)
  object space 21248K, 36% used [0x00000000be400000,0x00000000beba2230,0x00000000bf8c0000)
}
Event: 6.543 GC heap before
{Heap before GC invocations=5 (full 0):
 PSYoungGen      total 18112K, used 17890K [0x00000000ebcb0000, 0x00000000ed0e0000, 0x0000000100000000)
  eden space 15552K, 100% used [0x00000000ebcb0000,0x00000000ecbe0000,0x00000000ecbe0000)
  from space 2560K, 91% used [0x00000000ece60000,0x00000000ed0a8850,0x00000000ed0e0000)
  to   space 2560K, 0% used [0x00000000ecbe0000,0x00000000ecbe0000,0x00000000ece60000)
 ParOldGen       total 41344K, used 16K [0x00000000c3600000, 0x00000000c5e60000, 0x00000000ebcb0000)
  object space 41344K, 0% used [0x00000000c3600000,0x00000000c3604000,0x00000000c5e60000)
 PSPermGen       total 21248K, used 7817K [0x00000000be400000, 0x00000000bf8c0000, 0x00000000c3600000)
  object space 21248K, 36% used [0x00000000be400000,0x00000000beba24f8,0x00000000bf8c0000)
Event: 6.546 GC heap after
Heap after GC invocations=5 (full 0):
 PSYoungGen      total 17536K, used 2338K [0x00000000ebcb0000, 0x00000000ed020000, 0x0000000100000000)
  eden space 15168K, 0% used [0x00000000ebcb0000,0x00000000ebcb0000,0x00000000ecb80000)
  from space 2368K, 98% used [0x00000000ecbe0000,0x00000000ece28850,0x00000000ece30000)
  to   space 1984K, 0% used [0x00000000ece30000,0x00000000ece30000,0x00000000ed020000)
 ParOldGen       total 41344K, used 16K [0x00000000c3600000, 0x00000000c5e60000, 0x00000000ebcb0000)
  object space 41344K, 0% used [0x00000000c3600000,0x00000000c3604000,0x00000000c5e60000)
 PSPermGen       total 21248K, used 7817K [0x00000000be400000, 0x00000000bf8c0000, 0x00000000c3600000)
  object space 21248K, 36% used [0x00000000be400000,0x00000000beba24f8,0x00000000bf8c0000)
}
Event: 7.843 GC heap before
{Heap before GC invocations=6 (full 0):
 PSYoungGen      total 17536K, used 17506K [0x00000000ebcb0000, 0x00000000ed020000, 0x0000000100000000)
  eden space 15168K, 100% used [0x00000000ebcb0000,0x00000000ecb80000,0x00000000ecb80000)
  from space 2368K, 98% used [0x00000000ecbe0000,0x00000000ece28850,0x00000000ece30000)
  to   space 1984K, 0% used [0x00000000ece30000,0x00000000ece30000,0x00000000ed020000)
 ParOldGen       total 41344K, used 16K [0x00000000c3600000, 0x00000000c5e60000, 0x00000000ebcb0000)
  object space 41344K, 0% used [0x00000000c3600000,0x00000000c3604000,0x00000000c5e60000)
 PSPermGen       total 21248K, used 7817K [0x00000000be400000, 0x00000000bf8c0000, 0x00000000c3600000)
  object space 21248K, 36% used [0x00000000be400000,0x00000000beba24f8,0x00000000bf8c0000)
Event: 7.846 GC heap after
Heap after GC invocations=6 (full 0):
 PSYoungGen      total 16832K, used 1954K [0x00000000ebcb0000, 0x00000000ed020000, 0x0000000100000000)
  eden space 14848K, 0% used [0x00000000ebcb0000,0x00000000ebcb0000,0x00000000ecb30000)
  from space 1984K, 98% used [0x00000000ece30000,0x00000000ed018850,0x00000000ed020000)
  to   space 2368K, 0% used [0x00000000ecb80000,0x00000000ecb80000,0x00000000ecdd0000)
 ParOldGen       total 41344K, used 376K [0x00000000c3600000, 0x00000000c5e60000, 0x00000000ebcb0000)
  object space 41344K, 0% used [0x00000000c3600000,0x00000000c365e000,0x00000000c5e60000)
 PSPermGen       total 21248K, used 7817K [0x00000000be400000, 0x00000000bf8c0000, 0x00000000c3600000)
  object space 21248K, 36% used [0x00000000be400000,0x00000000beba24f8,0x00000000bf8c0000)
}
Event: 9.141 GC heap before
{Heap before GC invocations=7 (full 0):
 PSYoungGen      total 16832K, used 16802K [0x00000000ebcb0000, 0x00000000ed020000, 0x0000000100000000)
  eden space 14848K, 100% used [0x00000000ebcb0000,0x00000000ecb30000,0x00000000ecb30000)
  from space 1984K, 98% used [0x00000000ece30000,0x00000000ed018850,0x00000000ed020000)
  to   space 2368K, 0% used [0x00000000ecb80000,0x00000000ecb80000,0x00000000ecdd0000)
 ParOldGen       total 41344K, used 376K [0x00000000c3600000, 0x00000000c5e60000, 0x00000000ebcb0000)
  object space 41344K, 0% used [0x00000000c3600000,0x00000000c365e000,0x00000000c5e60000)
 PSPermGen       total 21248K, used 7817K [0x00000000be400000, 0x00000000bf8c0000, 0x00000000c3600000)
  object space 21248K, 36% used [0x00000000be400000,0x00000000beba2728,0x00000000bf8c0000)

