# JRE version: 7.0_21-b11
# Java VM: Java HotSpot(TM) 64-Bit Server VM (23.21-b01 mixed mode windows-amd64 compressed oops)
Heap
 PSYoungGen      total 195392K, used 119404K [0x00000000ebcb0000, 0x0000000100000000, 0x0000000100000000)
  eden space 85056K, 100% used [0x00000000ebcb0000,0x00000000f0fc0000,0x00000000f0fc0000)
  from space 110336K, 31% used [0x00000000f0fc0000,0x00000000f314b080,0x00000000f7b80000)
  to   space 110336K, 0% used [0x00000000f9440000,0x00000000f9440000,0x0000000100000000)
 ParOldGen       total 662208K, used 662206K [0x00000000c3600000, 0x00000000ebcb0000, 0x00000000ebcb0000)
  object space 662208K, 99% used [0x00000000c3600000,0x00000000ebcafa70,0x00000000ebcb0000)
 PSPermGen       total 21248K, used 2525K [0x00000000be400000, 0x00000000bf8c0000, 0x00000000c3600000)
  object space 21248K, 11% used [0x00000000be400000,0x00000000be677548,0x00000000bf8c0000)
GC Heap History (10 events):
Event: 42.314 GC heap after
Heap after GC invocations=18 (full 7):
 PSYoungGen      total 195392K, used 119416K [0x00000000ebcb0000, 0x0000000100000000, 0x0000000100000000)
  eden space 85056K, 99% used [0x00000000ebcb0000,0x00000000f0fbffe8,0x00000000f0fc0000)
  from space 110336K, 31% used [0x00000000f0fc0000,0x00000000f314e080,0x00000000f7b80000)
  to   space 110336K, 0% used [0x00000000f9440000,0x00000000f9440000,0x0000000100000000)
 ParOldGen       total 662208K, used 662205K [0x00000000c3600000, 0x00000000ebcb0000, 0x00000000ebcb0000)
  object space 662208K, 99% used [0x00000000c3600000,0x00000000ebcaf740,0x00000000ebcb0000)
 PSPermGen       total 21248K, used 2525K [0x00000000be400000, 0x00000000bf8c0000, 0x00000000c3600000)
  object space 21248K, 11% used [0x00000000be400000,0x00000000be677548,0x00000000bf8c0000)
}
Event: 42.314 GC heap before
{Heap before GC invocations=19 (full 8):
 PSYoungGen      total 195392K, used 119416K [0x00000000ebcb0000, 0x0000000100000000, 0x0000000100000000)
  eden space 85056K, 100% used [0x00000000ebcb0000,0x00000000f0fc0000,0x00000000f0fc0000)
  from space 110336K, 31% used [0x00000000f0fc0000,0x00000000f314e080,0x00000000f7b80000)
  to   space 110336K, 0% used [0x00000000f9440000,0x00000000f9440000,0x0000000100000000)
 ParOldGen       total 662208K, used 662205K [0x00000000c3600000, 0x00000000ebcb0000, 0x00000000ebcb0000)
  object space 662208K, 99% used [0x00000000c3600000,0x00000000ebcaf740,0x00000000ebcb0000)
 PSPermGen       total 21248K, used 2525K [0x00000000be400000, 0x00000000bf8c0000, 0x00000000c3600000)
  object space 21248K, 11% used [0x00000000be400000,0x00000000be677548,0x00000000bf8c0000)
Event: 47.132 GC heap after
Heap after GC invocations=19 (full 8):
 PSYoungGen      total 195392K, used 119416K [0x00000000ebcb0000, 0x0000000100000000, 0x0000000100000000)
  eden space 85056K, 100% used [0x00000000ebcb0000,0x00000000f0fc0000,0x00000000f0fc0000)
  from space 110336K, 31% used [0x00000000f0fc0000,0x00000000f314e080,0x00000000f7b80000)
  to   space 110336K, 0% used [0x00000000f9440000,0x00000000f9440000,0x0000000100000000)
 ParOldGen       total 662208K, used 662205K [0x00000000c3600000, 0x00000000ebcb0000, 0x00000000ebcb0000)
  object space 662208K, 99% used [0x00000000c3600000,0x00000000ebcaf740,0x00000000ebcb0000)
 PSPermGen       total 21248K, used 2525K [0x00000000be400000, 0x00000000bf8c0000, 0x00000000c3600000)
  object space 21248K, 11% used [0x00000000be400000,0x00000000be677548,0x00000000bf8c0000)
}
Event: 47.132 GC heap before
{Heap before GC invocations=20 (full 9):
 PSYoungGen      total 195392K, used 119416K [0x00000000ebcb0000, 0x0000000100000000, 0x0000000100000000)
  eden space 85056K, 100% used [0x00000000ebcb0000,0x00000000f0fc0000,0x00000000f0fc0000)
  from space 110336K, 31% used [0x00000000f0fc0000,0x00000000f314e080,0x00000000f7b80000)
  to   space 110336K, 0% used [0x00000000f9440000,0x00000000f9440000,0x0000000100000000)
 ParOldGen       total 662208K, used 662207K [0x00000000c3600000, 0x00000000ebcb0000, 0x00000000ebcb0000)
  object space 662208K, 99% used [0x00000000c3600000,0x00000000ebcafd40,0x00000000ebcb0000)
 PSPermGen       total 21248K, used 2525K [0x00000000be400000, 0x00000000bf8c0000, 0x00000000c3600000)
  object space 21248K, 11% used [0x00000000be400000,0x00000000be677548,0x00000000bf8c0000)
Event: 51.980 GC heap after
Heap after GC invocations=20 (full 9):
 PSYoungGen      total 195392K, used 119416K [0x00000000ebcb0000, 0x0000000100000000, 0x0000000100000000)
  eden space 85056K, 100% used [0x00000000ebcb0000,0x00000000f0fc0000,0x00000000f0fc0000)
  from space 110336K, 31% used [0x00000000f0fc0000,0x00000000f314e080,0x00000000f7b80000)
  to   space 110336K, 0% used [0x00000000f9440000,0x00000000f9440000,0x0000000100000000)
 ParOldGen       total 662208K, used 662207K [0x00000000c3600000, 0x00000000ebcb0000, 0x00000000ebcb0000)
  object space 662208K, 99% used [0x00000000c3600000,0x00000000ebcafd40,0x00000000ebcb0000)
 PSPermGen       total 21248K, used 2525K [0x00000000be400000, 0x00000000bf8c0000, 0x00000000c3600000)
  object space 21248K, 11% used [0x00000000be400000,0x00000000be677548,0x00000000bf8c0000)
}
Event: 51.980 GC heap before
{Heap before GC invocations=21 (full 10):
 PSYoungGen      total 195392K, used 119416K [0x00000000ebcb0000, 0x0000000100000000, 0x0000000100000000)
  eden space 85056K, 100% used [0x00000000ebcb0000,0x00000000f0fc0000,0x00000000f0fc0000)
  from space 110336K, 31% used [0x00000000f0fc0000,0x00000000f314e080,0x00000000f7b80000)
  to   space 110336K, 0% used [0x00000000f9440000,0x00000000f9440000,0x0000000100000000)
 ParOldGen       total 662208K, used 662207K [0x00000000c3600000, 0x00000000ebcb0000, 0x00000000ebcb0000)
  object space 662208K, 99% used [0x00000000c3600000,0x00000000ebcafff8,0x00000000ebcb0000)
 PSPermGen       total 21248K, used 2525K [0x00000000be400000, 0x00000000bf8c0000, 0x00000000c3600000)
  object space 21248K, 11% used [0x00000000be400000,0x00000000be677548,0x00000000bf8c0000)
Event: 56.778 GC heap after
Heap after GC invocations=21 (full 10):
 PSYoungGen      total 195392K, used 119416K [0x00000000ebcb0000, 0x0000000100000000, 0x0000000100000000)
  eden space 85056K, 100% used [0x00000000ebcb0000,0x00000000f0fc0000,0x00000000f0fc0000)
  from space 110336K, 31% used [0x00000000f0fc0000,0x00000000f314e080,0x00000000f7b80000)
  to   space 110336K, 0% used [0x00000000f9440000,0x00000000f9440000,0x0000000100000000)
 ParOldGen       total 662208K, used 662207K [0x00000000c3600000, 0x00000000ebcb0000, 0x00000000ebcb0000)
  object space 662208K, 99% used [0x00000000c3600000,0x00000000ebcafff8,0x00000000ebcb0000)
 PSPermGen       total 21248K, used 2525K [0x00000000be400000, 0x00000000bf8c0000, 0x00000000c3600000)
  object space 21248K, 11% used [0x00000000be400000,0x00000000be677548,0x00000000bf8c0000)
}
Event: 56.778 GC heap before
{Heap before GC invocations=22 (full 11):
 PSYoungGen      total 195392K, used 119416K [0x00000000ebcb0000, 0x0000000100000000, 0x0000000100000000)
  eden space 85056K, 100% used [0x00000000ebcb0000,0x00000000f0fc0000,0x00000000f0fc0000)
  from space 110336K, 31% used [0x00000000f0fc0000,0x00000000f314e080,0x00000000f7b80000)
  to   space 110336K, 0% used [0x00000000f9440000,0x00000000f9440000,0x0000000100000000)
 ParOldGen       total 662208K, used 662207K [0x00000000c3600000, 0x00000000ebcb0000, 0x00000000ebcb0000)
  object space 662208K, 99% used [0x00000000c3600000,0x00000000ebcafff8,0x00000000ebcb0000)
 PSPermGen       total 21248K, used 2525K [0x00000000be400000, 0x00000000bf8c0000, 0x00000000c3600000)
  object space 21248K, 11% used [0x00000000be400000,0x00000000be677548,0x00000000bf8c0000)
Event: 61.826 GC heap after
Heap after GC invocations=22 (full 11):
 PSYoungGen      total 195392K, used 119404K [0x00000000ebcb0000, 0x0000000100000000, 0x0000000100000000)
  eden space 85056K, 100% used [0x00000000ebcb0000,0x00000000f0fc0000,0x00000000f0fc0000)
  from space 110336K, 31% used [0x00000000f0fc0000,0x00000000f314b080,0x00000000f7b80000)
  to   space 110336K, 0% used [0x00000000f9440000,0x00000000f9440000,0x0000000100000000)
 ParOldGen       total 662208K, used 662205K [0x00000000c3600000, 0x00000000ebcb0000, 0x00000000ebcb0000)
  object space 662208K, 99% used [0x00000000c3600000,0x00000000ebcaf728,0x00000000ebcb0000)
 PSPermGen       total 21248K, used 2525K [0x00000000be400000, 0x00000000bf8c0000, 0x00000000c3600000)
  object space 21248K, 11% used [0x00000000be400000,0x00000000be677548,0x00000000bf8c0000)
}
Event: 61.826 GC heap before
{Heap before GC invocations=23 (full 12):
 PSYoungGen      total 195392K, used 119404K [0x00000000ebcb0000, 0x0000000100000000, 0x0000000100000000)
  eden space 85056K, 100% used [0x00000000ebcb0000,0x00000000f0fc0000,0x00000000f0fc0000)
  from space 110336K, 31% used [0x00000000f0fc0000,0x00000000f314b080,0x00000000f7b80000)
  to   space 110336K, 0% used [0x00000000f9440000,0x00000000f9440000,0x0000000100000000)
 ParOldGen       total 662208K, used 662206K [0x00000000c3600000, 0x00000000ebcb0000, 0x00000000ebcb0000)
  object space 662208K, 99% used [0x00000000c3600000,0x00000000ebcafa70,0x00000000ebcb0000)
 PSPermGen       total 21248K, used 2525K [0x00000000be400000, 0x00000000bf8c0000, 0x00000000c3600000)
  object space 21248K, 11% used [0x00000000be400000,0x00000000be677548,0x00000000bf8c0000)

